{"name": "test_printCarNamesAndPrices[chrome-Hyundai-Hyundaaaai Cars]", "status": "failed", "statusDetails": {"message": "AssertionError: Not on the correct page as title is not matching\nassert 'Hyundai Cars' == 'Hyundaaaai Cars'\n  - Hyundaaaai Cars\n  ?       ---\n  + Hyundai Cars", "trace": "self = <TestCases.test_carwale.Test_CarWale object at 0x000001C58FB28FD0>\ncarBrand = 'Hyundai', carTitle = 'Hyundaaaai Cars'\n\n    @pytest.mark.parametrize(\"carBrand, carTitle\", dataProvider.get_data(\"NewCarsTest\"))\n    def test_printCarNamesAndPrices(self, carBrand, carTitle):\n        log.logger.info(\"******Inside Select Cars Test******\")\n        home = HomePage(self.driver)\n        car = CarBase(self.driver)\n    \n        print(\"Car brand is \", carBrand)\n        if carBrand == \"BMW\":\n            home.goToNewCars().selectBMW()\n            title = car.getCartTitle()\n            print(\"Car title is: \" + title)\n            assert title == carTitle, \"Not on the correct page as title is not matching\"\n            car.getCarNamesAndPrices()\n        # elif carBrand == \"Honda\":\n        #     home.goToNewCars().selectHonda()\n        #     title = car.getCartTitle()\n        #     print(\"Car title is: \" + title)\n        #     assert title == carTitle, \"Not on the correct page as title is not matching\"\n        #     car.getCarNamesAndPrices()\n        # elif carBrand == \"Toyota\":\n        #     home.goToNewCars().selectToyota()\n        #     title = car.getCartTitle()\n        #     print(\"Car title is: \" + title)\n        #     assert title == carTitle, \"Not on the correct page as title is not matching\"\n        #     car.getCarNamesAndPrices()\n        elif carBrand == \"Hyundai\":\n            home.goToNewCars().selectHyundai()\n            title = car.getCartTitle()\n            print(\"Car title is: \" + title)\n>           assert title == carTitle, \"Not on the correct page as title is not matching\"\nE           AssertionError: Not on the correct page as title is not matching\nE           assert 'Hyundai Cars' == 'Hyundaaaai Cars'\nE             - Hyundaaaai Cars\nE             ?       ---\nE             + Hyundai Cars\n\ntest_carwale.py:84: AssertionError"}, "attachments": [{"name": "log", "source": "7db7b2c2-52d0-415d-8482-d753fb13f5f2-attachment.txt", "type": "text/plain"}], "parameters": [{"name": "get_browser", "value": "'chrome'"}, {"name": "carBrand", "value": "'Hyundai'"}, {"name": "carTitle", "value": "'Hyundaaaai Cars'"}], "start": 1645113610116, "stop": 1645113611860, "uuid": "11e22dc8-c818-4054-b992-9085df5102b3", "historyId": "e69173dd6b4d5ea7be95c0413783afab", "testCaseId": "eea341a43e431cc2f1693040811c5c6c", "fullName": "test_carwale.Test_CarWale#test_printCarNamesAndPrices", "labels": [{"name": "tag", "value": "@pytest.mark.usefixtures('log_on_failure', 'get_browser')"}, {"name": "suite", "value": "test_carwale"}, {"name": "subSuite", "value": "Test_CarWale"}, {"name": "host", "value": "CJLPT42"}, {"name": "thread", "value": "26112-MainThread"}, {"name": "framework", "value": "pytest"}, {"name": "language", "value": "cpython3"}, {"name": "package", "value": "test_carwale"}]}